c:\users\administrator\desktop\python-core\pcbuild\obj\amd64_debug\python\vc143.pdb
c:\users\administrator\desktop\python-core\pcbuild\obj\amd64_debug\python\python.obj
c:\users\administrator\desktop\python-core\pcbuild\amd64\python_d.exe
c:\users\administrator\desktop\python-core\pcbuild\amd64\python_d.pdb
c:\users\administrator\desktop\python-core\pcbuild\obj\amd64_debug\python\python_exe.res
c:\users\administrator\desktop\python-core\pcbuild\amd64\python_d.ilk
c:\users\administrator\desktop\python-core\pcbuild\\amd64\python_d.pdb
c:\users\administrator\desktop\python-core\pcbuild\\amd64\python_d.ilk
c:\users\administrator\desktop\python-core\pcbuild\obj\amd64_debug\python\python.vcxproj.filelistabsolute.txt
c:\users\administrator\desktop\python-core\pcbuild\obj\amd64_debug\python\python.tlog\cl.command.1.tlog
c:\users\administrator\desktop\python-core\pcbuild\obj\amd64_debug\python\python.tlog\cl.items.tlog
c:\users\administrator\desktop\python-core\pcbuild\obj\amd64_debug\python\python.tlog\cl.read.1.tlog
c:\users\administrator\desktop\python-core\pcbuild\obj\amd64_debug\python\python.tlog\cl.write.1.tlog
c:\users\administrator\desktop\python-core\pcbuild\obj\amd64_debug\python\python.tlog\link.command.1.tlog
c:\users\administrator\desktop\python-core\pcbuild\obj\amd64_debug\python\python.tlog\link.read.1.tlog
c:\users\administrator\desktop\python-core\pcbuild\obj\amd64_debug\python\python.tlog\link.secondary.1.tlog
c:\users\administrator\desktop\python-core\pcbuild\obj\amd64_debug\python\python.tlog\link.write.1.tlog
c:\users\administrator\desktop\python-core\pcbuild\obj\amd64_debug\python\python.tlog\rc.command.1.tlog
c:\users\administrator\desktop\python-core\pcbuild\obj\amd64_debug\python\python.tlog\rc.read.1.tlog
c:\users\administrator\desktop\python-core\pcbuild\obj\amd64_debug\python\python.tlog\rc.write.1.tlog
